{"message":"Dependent folders created!","level":"info"}
{"message":"MongoDB connected","level":"info"}
{"message":"Connected to MongoDB Successfully.","level":"info"}
{"message":"Dependent folders created!","level":"info"}
{"message":"MongoDB connected","level":"info"}
{"message":"Connected to MongoDB Successfully.","level":"info"}
{"message":"Dependent folders created!","level":"info"}
{"message":"MongoDB connected","level":"info"}
{"message":"Connected to MongoDB Successfully.","level":"info"}
{"message":"Dependent folders created!","level":"info"}
{"message":"MongoDB connected","level":"info"}
{"message":"Connected to MongoDB Successfully.","level":"info"}
{"message":"Dependent folders created!","level":"info"}
{"message":"MongoDB connected","level":"info"}
{"message":"Connected to MongoDB Successfully.","level":"info"}
{"message":"Dependent folders created!","level":"info"}
{"message":"MongoDB connected","level":"info"}
{"message":"Connected to MongoDB Successfully.","level":"info"}
{"message":"Dependent folders created!","level":"info"}
{"message":"MongoDB connected","level":"info"}
{"message":"Connected to MongoDB Successfully.","level":"info"}
{"message":"Dependent folders created!","level":"info"}
{"message":"MongoDB connected","level":"info"}
{"message":"Connected to MongoDB Successfully.","level":"info"}
{"message":"Dependent folders created!","level":"info"}
{"message":"MongoDB connected","level":"info"}
{"message":"Connected to MongoDB Successfully.","level":"info"}
{"message":"Dependent folders created!","level":"info"}
{"message":"MongoDB connected","level":"info"}
{"message":"Connected to MongoDB Successfully.","level":"info"}
{"message":"Dependent folders created!","level":"info"}
{"message":"MongoDB connected","level":"info"}
{"level":"info","message":"Connected to MongoDB Successfully."}
{"message":"Dependent folders created!","level":"info"}
{"message":"MongoDB connected","level":"info"}
{"level":"info","message":"Connected to MongoDB Successfully-------."}
